#
# There is insufficient memory for the Java Runtime Environment to continue.
# Native memory allocation (mmap) failed to map 117440512 bytes for G1 virtual space
# Possible reasons:
#   The system is out of physical RAM or swap space
#   The process is running with CompressedOops enabled, and the Java Heap may be blocking the growth of the native heap
# Possible solutions:
#   Reduce memory load on the system
#   Increase physical memory or swap space
#   Check if swap backing store is full
#   Decrease Java heap size (-Xmx/-Xms)
#   Decrease number of Java threads
#   Decrease Java thread stack sizes (-Xss)
#   Set larger code cache with -XX:ReservedCodeCacheSize=
#   JVM is running with Unscaled Compressed Oops mode in which the Java heap is
#     placed in the first 4GB address space. The Java Heap base address is the
#     maximum limit for the native heap growth. Please use -XX:HeapBaseMinAddress
#     to set the Java Heap base and to place the Java Heap above 4GB virtual address.
# This output file may be truncated or incomplete.
#
#  Out of Memory Error (os_windows.cpp:3769), pid=16960, tid=9728
#
# JRE version:  (17.0.6) (build )
# Java VM: OpenJDK 64-Bit Server VM (17.0.6+0-b2043.56-9586694, mixed mode, sharing, tiered, compressed oops, compressed class ptrs, g1 gc, windows-amd64)
# No core dump will be written. Minidumps are not enabled by default on client versions of Windows
#

---------------  S U M M A R Y ------------

Command Line: org.jetbrains.kotlin.cli.jvm.K2JVMCompiler @D:\ShiftTracker\app\build\20231101_2662629710084296359.compiler.options

Host: AMD Ryzen 5 3500U with Radeon Vega Mobile Gfx  , 8 cores, 6G,  Windows 10 , 64 bit Build 19041 (10.0.19041.3393)
Time: Wed Nov  1 16:29:31 2023 Türkiye Standart Saati elapsed time: 0.021636 seconds (0d 0h 0m 0s)

---------------  T H R E A D  ---------------

Current thread (0x000001fd5c3b8e30):  JavaThread "Unknown thread" [_thread_in_vm, id=9728, stack(0x0000009b26f00000,0x0000009b27000000)]

Stack: [0x0000009b26f00000,0x0000009b27000000]
Native frames: (J=compiled Java code, j=interpreted, Vv=VM code, C=native code)
V  [jvm.dll+0x683b4a]
V  [jvm.dll+0x842654]
V  [jvm.dll+0x843dfe]
V  [jvm.dll+0x844463]
V  [jvm.dll+0x249b75]
V  [jvm.dll+0x680a19]
V  [jvm.dll+0x674f0a]
V  [jvm.dll+0x309acb]
V  [jvm.dll+0x310f86]
V  [jvm.dll+0x3608ee]
V  [jvm.dll+0x360b1f]
V  [jvm.dll+0x2dfbf8]
V  [jvm.dll+0x2e0b64]
V  [jvm.dll+0x813f41]
V  [jvm.dll+0x36e6a1]
V  [jvm.dll+0x7f347c]
V  [jvm.dll+0x3f0e8f]
V  [jvm.dll+0x3f29d1]
C  [jli.dll+0x526b]
C  [ucrtbase.dll+0x21bb2]
C  [KERNEL32.DLL+0x17344]
C  [ntdll.dll+0x526b1]


---------------  P R O C E S S  ---------------

Threads class SMR info:
_java_thread_list=0x00007ffc2a2dc058, length=0, elements={
}

Java Threads: ( => current thread )

Other Threads:
  0x000001fd5c40f760 GCTaskThread "GC Thread#0" [stack: 0x0000009b27000000,0x0000009b27100000] [id=13636]
  0x000001fd5c41e4a0 ConcurrentGCThread "G1 Main Marker" [stack: 0x0000009b27100000,0x0000009b27200000] [id=2388]
  0x000001fd5c41f790 ConcurrentGCThread "G1 Conc#0" [stack: 0x0000009b27200000,0x0000009b27300000] [id=13448]

[error occurred during error reporting (printing all threads), id 0xc0000005, EXCEPTION_ACCESS_VIOLATION (0xc0000005) at pc=0x00007ffc29a90797]

VM state: not at safepoint (not fully initialized)

VM Mutex/Monitor currently owned by a thread:  ([mutex/lock_event])
[0x000001fd5c3b42c0] Heap_lock - owner thread: 0x000001fd5c3b8e30

Heap address: 0x0000000091000000, size: 1776 MB, Compressed Oops mode: 32-bit

CDS archive(s) mapped at: [0x0000000000000000-0x0000000000000000-0x0000000000000000), size 0, SharedBaseAddress: 0x0000000800000000, ArchiveRelocationMode: 0.
Narrow klass base: 0x0000000000000000, Narrow klass shift: 0, Narrow klass range: 0x0

GC Precious Log:
<Empty>

Heap:
 garbage-first heap   total 0K, used 0K [0x0000000091000000, 0x0000000100000000)
  region size 1024K, 0 young (0K), 0 survivors (0K)

[error occurred during error reporting (printing heap information), id 0xc0000005, EXCEPTION_ACCESS_VIOLATION (0xc0000005) at pc=0x00007ffc29e7d939]

GC Heap History (0 events):
No events

Dll operation events (1 events):
Event: 0.012 Loaded shared library C:\Program Files\Android\Android Studio\jbr\bin\java.dll

Deoptimization events (0 events):
No events

Classes unloaded (0 events):
No events

Classes redefined (0 events):
No events

Internal exceptions (0 events):
No events

VM Operations (0 events):
No events

Events (0 events):
No events


Dynamic libraries:
0x00007ff6ca8f0000 - 0x00007ff6ca8fa000 	C:\Program Files\Android\Android Studio\jbr\bin\java.exe
0x00007ffc823b0000 - 0x00007ffc825a8000 	C:\WINDOWS\SYSTEM32\ntdll.dll
0x00007ffc81750000 - 0x00007ffc8180d000 	C:\WINDOWS\System32\KERNEL32.DLL
0x00007ffc7ffc0000 - 0x00007ffc802b6000 	C:\WINDOWS\System32\KERNELBASE.dll
0x00007ffc7fcc0000 - 0x00007ffc7fdc0000 	C:\WINDOWS\System32\ucrtbase.dll
0x00007ffc6fe30000 - 0x00007ffc6fe4b000 	C:\Program Files\Android\Android Studio\jbr\bin\VCRUNTIME140.dll
0x00007ffc6fc70000 - 0x00007ffc6fc87000 	C:\Program Files\Android\Android Studio\jbr\bin\jli.dll
0x00007ffc821d0000 - 0x00007ffc8236e000 	C:\WINDOWS\System32\USER32.dll
0x00007ffc7ff90000 - 0x00007ffc7ffb2000 	C:\WINDOWS\System32\win32u.dll
0x00007ffc6cb30000 - 0x00007ffc6cdca000 	C:\WINDOWS\WinSxS\amd64_microsoft.windows.common-controls_6595b64144ccf1df_6.0.19041.1110_none_60b5254171f9507e\COMCTL32.dll
0x00007ffc812a0000 - 0x00007ffc8133e000 	C:\WINDOWS\System32\msvcrt.dll
0x00007ffc81260000 - 0x00007ffc8128c000 	C:\WINDOWS\System32\GDI32.dll
0x00007ffc802f0000 - 0x00007ffc8040a000 	C:\WINDOWS\System32\gdi32full.dll
0x00007ffc7fb20000 - 0x00007ffc7fbbd000 	C:\WINDOWS\System32\msvcp_win.dll
0x00007ffc80ed0000 - 0x00007ffc80f00000 	C:\WINDOWS\System32\IMM32.DLL
0x00007ffc7af50000 - 0x00007ffc7af5c000 	C:\Program Files\Android\Android Studio\jbr\bin\vcruntime140_1.dll
0x00007ffc5d5a0000 - 0x00007ffc5d62d000 	C:\Program Files\Android\Android Studio\jbr\bin\msvcp140.dll
0x00007ffc297a0000 - 0x00007ffc2a40d000 	C:\Program Files\Android\Android Studio\jbr\bin\server\jvm.dll
0x00007ffc81490000 - 0x00007ffc8153e000 	C:\WINDOWS\System32\ADVAPI32.dll
0x00007ffc815a0000 - 0x00007ffc8163c000 	C:\WINDOWS\System32\sechost.dll
0x00007ffc80530000 - 0x00007ffc80656000 	C:\WINDOWS\System32\RPCRT4.dll
0x00007ffc1f160000 - 0x00007ffc1f169000 	C:\WINDOWS\SYSTEM32\WSOCK32.dll
0x00007ffc75780000 - 0x00007ffc757a7000 	C:\WINDOWS\SYSTEM32\WINMM.dll
0x00007ffc81fc0000 - 0x00007ffc8202b000 	C:\WINDOWS\System32\WS2_32.dll
0x00007ffc77d90000 - 0x00007ffc77d9a000 	C:\WINDOWS\SYSTEM32\VERSION.dll
0x00007ffc7e300000 - 0x00007ffc7e312000 	C:\WINDOWS\SYSTEM32\kernel.appcore.dll
0x00007ffc6cef0000 - 0x00007ffc6cefa000 	C:\Program Files\Android\Android Studio\jbr\bin\jimage.dll
0x00007ffc7dd60000 - 0x00007ffc7df44000 	C:\WINDOWS\SYSTEM32\DBGHELP.DLL
0x00007ffc6ce60000 - 0x00007ffc6ce94000 	C:\WINDOWS\SYSTEM32\dbgcore.DLL
0x00007ffc7fa90000 - 0x00007ffc7fb12000 	C:\WINDOWS\System32\bcryptPrimitives.dll
0x00007ffc5a640000 - 0x00007ffc5a665000 	C:\Program Files\Android\Android Studio\jbr\bin\java.dll

dbghelp: loaded successfully - version: 4.0.5 - missing functions: none
symbol engine: initialized successfully - sym options: 0x614 - pdb path: .;C:\Program Files\Android\Android Studio\jbr\bin;C:\WINDOWS\SYSTEM32;C:\WINDOWS\WinSxS\amd64_microsoft.windows.common-controls_6595b64144ccf1df_6.0.19041.1110_none_60b5254171f9507e;C:\Program Files\Android\Android Studio\jbr\bin\server

VM Arguments:
java_command: org.jetbrains.kotlin.cli.jvm.K2JVMCompiler @D:\ShiftTracker\app\build\20231101_2662629710084296359.compiler.options
java_class_path (initial): C:\Users\james\.gradle\caches\modules-2\files-2.1\org.jetbrains.kotlin\kotlin-compiler-embeddable\1.8.20\78d9baa57f65babf9e0a93e51f62f26f5f35ac3e\kotlin-compiler-embeddable-1.8.20.jar;C:\Users\james\.gradle\caches\modules-2\files-2.1\org.jetbrains.kotlin\kotlin-stdlib\1.8.20\e72fc5e03ec6c064c678a6bd0d955c88d55b0c4a\kotlin-stdlib-1.8.20.jar;C:\Users\james\.gradle\caches\modules-2\files-2.1\org.jetbrains.kotlin\kotlin-script-runtime\1.8.20\c850771e723701f9d63dbcf641429c0f29290074\kotlin-script-runtime-1.8.20.jar;C:\Users\james\.gradle\caches\modules-2\files-2.1\org.jetbrains.kotlin\kotlin-reflect\1.6.10\1cbe9c92c12a94eea200d23c2bbaedaf3daf5132\kotlin-reflect-1.6.10.jar;C:\Users\james\.gradle\caches\modules-2\files-2.1\org.jetbrains.kotlin\kotlin-daemon-embeddable\1.8.20\c1b808fbe5fee60bd0504a54778120ef40f383d4\kotlin-daemon-embeddable-1.8.20.jar;C:\Users\james\.gradle\caches\modules-2\files-2.1\org.jetbrains.intellij.deps\trove4j\1.0.20200330\3afb14d5f9ceb459d724e907a21145e8ff394f02\trove4j-1.0.20200330.jar;C:\Users\james\.gradle\caches\modules-2\files-2.1\net.java.dev.jna\jna\5.6.0\330f2244e9030119ab3030fc3fededc86713d9cc\jna-5.6.0.jar;C:\Users\james\.gradle\caches\modules-2\files-2.1\org.jetbrains.kotlin\kotlin-stdlib-common\1.8.20\5eddaaf234c8c49d03eebeb6a14feb7f90faca71\kotlin-stdlib-common-1.8.20.jar;C:\Users\james\.gradle\caches\modules-2\files-2.1\org.jetbrains\annotations\13.0\919f0dfe192fb4e063e7dacadee7f8bb9a2672a9\annotations-13.0.jar
Launcher Type: SUN_STANDARD

[Global flags]
     intx CICompilerCount                          = 4                                         {product} {ergonomic}
     uint ConcGCThreads                            = 2                                         {product} {ergonomic}
     uint G1ConcRefinementThreads                  = 8                                         {product} {ergonomic}
   size_t G1HeapRegionSize                         = 1048576                                   {product} {ergonomic}
    uintx GCDrainStackTargetSize                   = 64                                        {product} {ergonomic}
   size_t InitialHeapSize                          = 117440512                                 {product} {ergonomic}
   size_t MarkStackSize                            = 4194304                                   {product} {ergonomic}
   size_t MaxHeapSize                              = 1862270976                                {product} {ergonomic}
   size_t MinHeapDeltaBytes                        = 1048576                                   {product} {ergonomic}
   size_t MinHeapSize                              = 8388608                                   {product} {ergonomic}
    uintx NonNMethodCodeHeapSize                   = 5839372                                {pd product} {ergonomic}
    uintx NonProfiledCodeHeapSize                  = 122909434                              {pd product} {ergonomic}
    uintx ProfiledCodeHeapSize                     = 122909434                              {pd product} {ergonomic}
    uintx ReservedCodeCacheSize                    = 251658240                              {pd product} {ergonomic}
     bool SegmentedCodeCache                       = true                                      {product} {ergonomic}
   size_t SoftMaxHeapSize                          = 1862270976                             {manageable} {ergonomic}
     bool UseCompressedClassPointers               = true                           {product lp64_product} {ergonomic}
     bool UseCompressedOops                        = true                           {product lp64_product} {ergonomic}
     bool UseG1GC                                  = true                                      {product} {ergonomic}
     bool UseLargePagesIndividualAllocation        = false                                  {pd product} {ergonomic}

Logging:
Log output configuration:
 #0: stdout all=warning uptime,level,tags
 #1: stderr all=off uptime,level,tags

Environment Variables:
PATH=C:\Program Files\Common Files\Oracle\Java\javapath;C:\WINDOWS\system32;C:\WINDOWS;C:\WINDOWS\System32\Wbem;C:\WINDOWS\System32\WindowsPowerShell\v1.0\;C:\WINDOWS\System32\OpenSSH\;C:\Users\james\AppData\Local\Programs\Python\Python38\Scripts\;C:\Users\james\AppData\Local\Programs\Python\Python38\;C:\Users\james\AppData\Local\Microsoft\WindowsApps;D:\VSCODE\Microsoft VS Code\bin;C:\Users\james\AppData\Local\GitHubDesktop\bin
USERNAME=james
OS=Windows_NT
PROCESSOR_IDENTIFIER=AMD64 Family 23 Model 24 Stepping 1, AuthenticAMD
TMP=C:\Users\james\AppData\Local\Temp
TEMP=C:\Users\james\AppData\Local\Temp



---------------  S Y S T E M  ---------------

OS:
 Windows 10 , 64 bit Build 19041 (10.0.19041.3393)
OS uptime: 4 days 18:35 hours

CPU: total 8 (initial active 8) (8 cores per cpu, 2 threads per core) family 23 model 24 stepping 1 microcode 0x0, cx8, cmov, fxsr, ht, mmx, 3dnowpref, sse, sse2, sse3, ssse3, sse4a, sse4.1, sse4.2, popcnt, lzcnt, tsc, tscinvbit, avx, avx2, aes, clmul, bmi1, bmi2, adx, sha, fma, vzeroupper, clflush, clflushopt

Memory: 4k page, system-wide physical 7103M (262M free)
TotalPageFile size 17343M (AvailPageFile size 46M)
current process WorkingSet (physical memory assigned to process): 9M, peak: 9M
current process commit charge ("private bytes"): 60M, peak: 172M

vm_info: OpenJDK 64-Bit Server VM (17.0.6+0-b2043.56-9586694) for windows-amd64 JRE (17.0.6+0-b2043.56-9586694), built on Feb  9 2023 20:06:20 by "androidbuild" with MS VC++ 16.10 / 16.11 (VS2019)

END.
